빌드 시작: 2017-10-25 오후 2:49:49
     1>2 노드의 "D:\hhoon\Documents\Visual Studio 2010\Projects\Floyd_SeoHoon\Floyd_Seo\Floyd_Seo.vcxproj" 프로젝트(build 대상)입니다.
     1>InitializeBuildStatus:
         "AlwaysCreate"이(가) 지정되었기 때문에 "Debug\Floyd_Dijkstra_SeoHoon.unsuccessfulbuild"을(를) 만들고 있습니다.
       ClCompile:
         d:\Program Files (x86)\Microsoft Visual Studio 10.0\VC\bin\CL.exe /c /ZI /nologo /W3 /WX- /Od /Oy- /D WIN32 /D _DEBUG /D _CONSOLE /D _UNICODE /D UNICODE /Gm /EHsc /RTC1 /MDd /GS /fp:precise /Zc:wchar_t /Zc:forScope /Fo"Debug\\" /Fd"Debug\vc100.pdb" /Gd /TP /analyze- /errorReport:prompt Floyd_Dijkstra_SeoHoon.cpp
         Floyd_Dijkstra_SeoHoon.cpp
     1>d:\hhoon\documents\visual studio 2010\projects\floyd_seohoon\floyd_seo\floyd_dijkstra_seohoon.cpp(101): warning C4996: 'fopen': This function or variable may be unsafe. Consider using fopen_s instead. To disable deprecation, use _CRT_SECURE_NO_WARNINGS. See online help for details.
                 d:\program files (x86)\microsoft visual studio 10.0\vc\include\stdio.h(234) : 'fopen' 선언을 참조하십시오.
     1>d:\hhoon\documents\visual studio 2010\projects\floyd_seohoon\floyd_seo\floyd_dijkstra_seohoon.cpp(204): warning C4996: 'fopen': This function or variable may be unsafe. Consider using fopen_s instead. To disable deprecation, use _CRT_SECURE_NO_WARNINGS. See online help for details.
                 d:\program files (x86)\microsoft visual studio 10.0\vc\include\stdio.h(234) : 'fopen' 선언을 참조하십시오.
     1>d:\hhoon\documents\visual studio 2010\projects\floyd_seohoon\floyd_seo\floyd_dijkstra_seohoon.cpp(216): warning C4996: 'fopen': This function or variable may be unsafe. Consider using fopen_s instead. To disable deprecation, use _CRT_SECURE_NO_WARNINGS. See online help for details.
                 d:\program files (x86)\microsoft visual studio 10.0\vc\include\stdio.h(234) : 'fopen' 선언을 참조하십시오.
       ManifestResourceCompile:
         모든 출력이 최신 상태입니다.
       Link:
         d:\Program Files (x86)\Microsoft Visual Studio 10.0\VC\bin\link.exe /ERRORREPORT:PROMPT /OUT:"D:\hhoon\Documents\Visual Studio 2010\Projects\Floyd_SeoHoon\Debug\Floyd_Dijkstra_SeoHoon.exe" /INCREMENTAL /NOLOGO kernel32.lib user32.lib gdi32.lib winspool.lib comdlg32.lib advapi32.lib shell32.lib ole32.lib oleaut32.lib uuid.lib odbc32.lib odbccp32.lib /MANIFEST /ManifestFile:"Debug\Floyd_Dijkstra_SeoHoon.exe.intermediate.manifest" /MANIFESTUAC:"level='asInvoker' uiAccess='false'" /DEBUG /PDB:"D:\hhoon\Documents\Visual Studio 2010\Projects\Floyd_SeoHoon\Debug\Floyd_Dijkstra_SeoHoon.pdb" /SUBSYSTEM:CONSOLE /TLBID:1 /DYNAMICBASE /NXCOMPAT /IMPLIB:"D:\hhoon\Documents\Visual Studio 2010\Projects\Floyd_SeoHoon\Debug\Floyd_Dijkstra_SeoHoon.lib" /MACHINE:X86 Debug\Floyd_Dijkstra_SeoHoon.exe.embed.manifest.res
         Debug\Floyd_Dijkstra_SeoHoon.obj
       Manifest:
         C:\Program Files (x86)\Microsoft SDKs\Windows\v7.0A\bin\mt.exe /nologo /verbose /out:"Debug\Floyd_Dijkstra_SeoHoon.exe.embed.manifest" /manifest Debug\Floyd_Dijkstra_SeoHoon.exe.intermediate.manifest
         모든 출력이 최신 상태입니다.
       LinkEmbedManifest:
         모든 출력이 최신 상태입니다.
         Floyd_Seo.vcxproj -> D:\hhoon\Documents\Visual Studio 2010\Projects\Floyd_SeoHoon\Debug\Floyd_Dijkstra_SeoHoon.exe
       FinalizeBuildStatus:
         "Debug\Floyd_Dijkstra_SeoHoon.unsuccessfulbuild" 파일을 삭제하고 있습니다.
         "Debug\Floyd_Dijkstra_SeoHoon.lastbuildstate"에 연결(touching)하고 있습니다.
     1>"D:\hhoon\Documents\Visual Studio 2010\Projects\Floyd_SeoHoon\Floyd_Seo\Floyd_Seo.vcxproj" 프로젝트를 빌드했습니다(build 대상).

빌드했습니다.

경과 시간: 00:00:02.37
