D:\HHOON\DOCUMENTS\VISUAL STUDIO 2010\PROJECTS\FLOYD_SEOHOON\DEBUG\FLOYD_SEO.EXE
D:\HHOON\DOCUMENTS\VISUAL STUDIO 2010\PROJECTS\FLOYD_SEOHOON\DEBUG\FLOYD_SEO.ILK
D:\HHOON\DOCUMENTS\VISUAL STUDIO 2010\PROJECTS\FLOYD_SEOHOON\DEBUG\FLOYD_SEO.PDB
D:\hhoon\Documents\Visual Studio 2010\Projects\Floyd_SeoHoon\Floyd_Seo\Debug\cl.command.1.tlog
D:\hhoon\Documents\Visual Studio 2010\Projects\Floyd_SeoHoon\Floyd_Seo\Debug\CL.read.1.tlog
D:\hhoon\Documents\Visual Studio 2010\Projects\Floyd_SeoHoon\Floyd_Seo\Debug\CL.write.1.tlog
D:\HHOON\DOCUMENTS\VISUAL STUDIO 2010\PROJECTS\FLOYD_SEOHOON\FLOYD_SEO\DEBUG\FLOYD_SEO.EXE.EMBED.MANIFEST
D:\HHOON\DOCUMENTS\VISUAL STUDIO 2010\PROJECTS\FLOYD_SEOHOON\FLOYD_SEO\DEBUG\FLOYD_SEO.EXE.EMBED.MANIFEST.RES
D:\HHOON\DOCUMENTS\VISUAL STUDIO 2010\PROJECTS\FLOYD_SEOHOON\FLOYD_SEO\DEBUG\FLOYD_SEO.EXE.INTERMEDIATE.MANIFEST
D:\HHOON\DOCUMENTS\VISUAL STUDIO 2010\PROJECTS\FLOYD_SEOHOON\FLOYD_SEO\DEBUG\FLOYD_SEO.OBJ
D:\hhoon\Documents\Visual Studio 2010\Projects\Floyd_SeoHoon\Floyd_Seo\Debug\Floyd_Seo.write.1.tlog
D:\hhoon\Documents\Visual Studio 2010\Projects\Floyd_SeoHoon\Floyd_Seo\Debug\Floyd_Seo_manifest.rc
D:\hhoon\Documents\Visual Studio 2010\Projects\Floyd_SeoHoon\Floyd_Seo\Debug\link.17480.read.1.tlog
D:\hhoon\Documents\Visual Studio 2010\Projects\Floyd_SeoHoon\Floyd_Seo\Debug\link.17480.write.1.tlog
D:\hhoon\Documents\Visual Studio 2010\Projects\Floyd_SeoHoon\Floyd_Seo\Debug\link.17480-cvtres.read.1.tlog
D:\hhoon\Documents\Visual Studio 2010\Projects\Floyd_SeoHoon\Floyd_Seo\Debug\link.17480-cvtres.write.1.tlog
D:\hhoon\Documents\Visual Studio 2010\Projects\Floyd_SeoHoon\Floyd_Seo\Debug\link.32.read.1.tlog
D:\hhoon\Documents\Visual Studio 2010\Projects\Floyd_SeoHoon\Floyd_Seo\Debug\link.32.write.1.tlog
D:\hhoon\Documents\Visual Studio 2010\Projects\Floyd_SeoHoon\Floyd_Seo\Debug\link.32-cvtres.read.1.tlog
D:\hhoon\Documents\Visual Studio 2010\Projects\Floyd_SeoHoon\Floyd_Seo\Debug\link.32-cvtres.write.1.tlog
D:\hhoon\Documents\Visual Studio 2010\Projects\Floyd_SeoHoon\Floyd_Seo\Debug\link.command.1.tlog
D:\hhoon\Documents\Visual Studio 2010\Projects\Floyd_SeoHoon\Floyd_Seo\Debug\link.read.1.tlog
D:\hhoon\Documents\Visual Studio 2010\Projects\Floyd_SeoHoon\Floyd_Seo\Debug\link.write.1.tlog
D:\hhoon\Documents\Visual Studio 2010\Projects\Floyd_SeoHoon\Floyd_Seo\Debug\link-cvtres.read.1.tlog
D:\hhoon\Documents\Visual Studio 2010\Projects\Floyd_SeoHoon\Floyd_Seo\Debug\link-cvtres.write.1.tlog
D:\hhoon\Documents\Visual Studio 2010\Projects\Floyd_SeoHoon\Floyd_Seo\Debug\mt.command.1.tlog
D:\hhoon\Documents\Visual Studio 2010\Projects\Floyd_SeoHoon\Floyd_Seo\Debug\mt.read.1.tlog
D:\hhoon\Documents\Visual Studio 2010\Projects\Floyd_SeoHoon\Floyd_Seo\Debug\mt.write.1.tlog
D:\hhoon\Documents\Visual Studio 2010\Projects\Floyd_SeoHoon\Floyd_Seo\Debug\rc.command.1.tlog
D:\hhoon\Documents\Visual Studio 2010\Projects\Floyd_SeoHoon\Floyd_Seo\Debug\rc.read.1.tlog
D:\hhoon\Documents\Visual Studio 2010\Projects\Floyd_SeoHoon\Floyd_Seo\Debug\rc.write.1.tlog
D:\hhoon\Documents\Visual Studio 2010\Projects\Floyd_SeoHoon\Floyd_Seo\Debug\vc100.idb
D:\HHOON\DOCUMENTS\VISUAL STUDIO 2010\PROJECTS\FLOYD_SEOHOON\FLOYD_SEO\DEBUG\VC100.PDB
